<html>
<head>
<title>stories.aliexpress_search.LookupForItem</title>
<style type="text/css" media="all">
@import url( "./style/jbehave-core.css" );
</style>
</head>
<body>
<div class="story">
<h1>Lookup for item</h1>
<div class="path">stories/aliexpress_search/LookupForItem.story</div>
<div class="scenario">
<h2>Scenario: custom search and validation</h2>
<div class="examples">
<h3>Examples:</h3>
<div class="step">Given the user is on the AliExpress home page</div>
<div class="step">When the user looks up for the word 'Iphone'</div>
<div class="step">And the user navigates to &lt;pageN&gt;&ordm; page number</div>
<div class="step">And the user search for the &lt;resultNumber&gt; result</div>
<div class="step">Then the user asserts that at least 1 item is able to buy</div>
<table>
<thead>
<tr>
<th>pageN</th><th>resultNumber</th></tr>
</thead>
<tbody>
<tr>
<td>2</td><td>2</td></tr>
</tbody>
</table>

<h3 class="example">Example: {pageN=2, resultNumber=2}</h3>
<div class="step successful">Given the user is on the AliExpress home page</div>
<div class="step successful">When the user looks up for the word 'Iphone'</div>
<div class="step failed">And the user navigates to <span class="step parameter">2</span>&ordm; page number <span class="keyword failed">(FAILED)</span><br/><span class="message failed">org.openqa.selenium.NoSuchElementException: no such element: Unable to locate element: {&quot;method&quot;:&quot;css selector&quot;,&quot;selector&quot;:&quot;.next-pagination-list &gt; button:nth-of-type(2)&quot;}
  (Session info: chrome=79.0.3945.117)
For documentation on this error, please visit: https://www.seleniumhq.org/exceptions/no_such_element.html
Build info: version: '3.141.59', revision: 'e82be7d358', time: '2018-11-14T08:17:03'
System info: host: 'MAXI', ip: '192.168.1.102', os.name: 'Windows 8.1', os.arch: 'amd64', os.version: '6.3', java.version: '1.8.0_161'
Driver info: org.openqa.selenium.chrome.ChromeDriver
Capabilities {acceptInsecureCerts: false, browserName: chrome, browserVersion: 79.0.3945.117, chrome: {chromedriverVersion: 79.0.3945.36 (3582db32b3389..., userDataDir: C:\Users\maxi\AppData\Local...}, goog:chromeOptions: {debuggerAddress: localhost:27744}, javascriptEnabled: true, networkConnectionEnabled: false, pageLoadStrategy: normal, platform: WINDOWS, platformName: WINDOWS, proxy: Proxy(), setWindowRect: true, strictFileInteractability: false, timeouts: {implicit: 0, pageLoad: 300000, script: 30000}, unhandledPromptBehavior: dismiss and notify}
Session ID: b3165167bddf9be13b7eba66ceb79dd6
*** Element info: {Using=css selector, value=.next-pagination-list &gt; button:nth-of-type(2)}</span></div>
<div class="step notPerformed">And the user search for the <span class="step parameter">2</span> result <span class="keyword notPerformed">(NOT PERFORMED)</span></div>
<div class="step pending">Then the user asserts that at least 1 item is able to buy <span class="keyword pending">(PENDING)</span></div>
<div><pre class="pending">@Then(&quot;the user asserts that at least 1 item is able to buy&quot;)
@Pending
public void thenTheUserAssertsThatAtLeast1ItemIsAbleToBuy() {
  // PENDING
}
</pre></div>
</div>
<pre class="failure">org.openqa.selenium.NoSuchElementException: no such element: Unable to locate element: {&quot;method&quot;:&quot;css selector&quot;,&quot;selector&quot;:&quot;.next-pagination-list &gt; button:nth-of-type(2)&quot;}
  (Session info: chrome=79.0.3945.117)
For documentation on this error, please visit: https://www.seleniumhq.org/exceptions/no_such_element.html
Build info: version: '3.141.59', revision: 'e82be7d358', time: '2018-11-14T08:17:03'
System info: host: 'MAXI', ip: '192.168.1.102', os.name: 'Windows 8.1', os.arch: 'amd64', os.version: '6.3', java.version: '1.8.0_161'
Driver info: org.openqa.selenium.chrome.ChromeDriver
Capabilities {acceptInsecureCerts: false, browserName: chrome, browserVersion: 79.0.3945.117, chrome: {chromedriverVersion: 79.0.3945.36 (3582db32b3389..., userDataDir: C:\Users\maxi\AppData\Local...}, goog:chromeOptions: {debuggerAddress: localhost:27744}, javascriptEnabled: true, networkConnectionEnabled: false, pageLoadStrategy: normal, platform: WINDOWS, platformName: WINDOWS, proxy: Proxy(), setWindowRect: true, strictFileInteractability: false, timeouts: {implicit: 0, pageLoad: 300000, script: 30000}, unhandledPromptBehavior: dismiss and notify}
Session ID: b3165167bddf9be13b7eba66ceb79dd6
*** Element info: {Using=css selector, value=.next-pagination-list &gt; button:nth-of-type(2)}
	(reflection-construct)
	at org.openqa.selenium.remote.http.W3CHttpResponseCodec.createException(W3CHttpResponseCodec.java:187)
	at org.openqa.selenium.remote.http.W3CHttpResponseCodec.decode(W3CHttpResponseCodec.java:122)
	at org.openqa.selenium.remote.http.W3CHttpResponseCodec.decode(W3CHttpResponseCodec.java:49)
	at org.openqa.selenium.remote.HttpCommandExecutor.execute(HttpCommandExecutor.java:158)
	at org.openqa.selenium.remote.service.DriverCommandExecutor.execute(DriverCommandExecutor.java:83)
	at org.openqa.selenium.remote.RemoteWebDriver.execute(RemoteWebDriver.java:552)
	at org.openqa.selenium.remote.RemoteWebDriver.findElement(RemoteWebDriver.java:323)
	at org.openqa.selenium.remote.RemoteWebDriver.findElementByCssSelector(RemoteWebDriver.java:420)
	at org.openqa.selenium.By$ByCssSelector.findElement(By.java:431)
	at org.openqa.selenium.remote.RemoteWebDriver.findElement(RemoteWebDriver.java:315)
	at net.thucydides.core.webdriver.WebDriverFacade.findElement(WebDriverFacade.java:222)
	at org.carlos.alitest.pages.BasePage.lookup_pageNumber(BasePage.java:70)
	at org.carlos.alitest.steps.serenity.EndUserSteps.navigates_to_page(EndUserSteps.java:26)
	at org.carlos.alitest.steps.serenity.EndUserSteps$$EnhancerByCGLIB$$55bfe863.CGLIB$navigates_to_page$0(&lt;generated&gt;)
	at org.carlos.alitest.steps.serenity.EndUserSteps$$EnhancerByCGLIB$$55bfe863$$FastClassByCGLIB$$dc6908fd.invoke(&lt;generated&gt;)
	at net.sf.cglib.proxy.MethodProxy.invokeSuper(MethodProxy.java:228)
	at net.thucydides.core.steps.StepInterceptor.invokeMethod(StepInterceptor.java:478)
	at net.thucydides.core.steps.StepInterceptor.executeTestStepMethod(StepInterceptor.java:463)
	at net.thucydides.core.steps.StepInterceptor.runTestStep(StepInterceptor.java:438)
	at net.thucydides.core.steps.StepInterceptor.runOrSkipMethod(StepInterceptor.java:179)
	at net.thucydides.core.steps.StepInterceptor.testStepResult(StepInterceptor.java:166)
	at net.thucydides.core.steps.StepInterceptor.intercept(StepInterceptor.java:72)
	at org.carlos.alitest.steps.serenity.EndUserSteps$$EnhancerByCGLIB$$55bfe863.navigates_to_page(&lt;generated&gt;)
	at org.carlos.alitest.steps.DefinitionSteps.whenTheUserNavigatesToPageNumber(DefinitionSteps.java:28)
	(reflection-invoke)
	at org.jbehave.core.steps.StepCreator$ParametrisedStep.perform(StepCreator.java:790)
	at org.jbehave.core.embedder.PerformableTree$FineSoFar.run(PerformableTree.java:349)
...</pre>
</div>
</div>

</body>
<!--  SyntaxHighlighter resources:  should be included at end of body -->
<link rel="stylesheet" type="text/css" href="./style/sh-3.0.83/shCore.css"/>
<link rel="stylesheet" type="text/css" href="./style/sh-3.0.83/shThemeRDark.css"/>
<script language="javascript" src="./js/sh-3.0.83/shCore.js"></script>
<script language="javascript" src="./js/sh-3.0.83/shBrushBash.js"></script>
<script language="javascript" src="./js/sh-3.0.83/shBrushCss.js"></script>
<script language="javascript" src="./js/sh-3.0.83/shBrushDiff.js"></script>
<script language="javascript" src="./js/sh-3.0.83/shBrushGroovy.js"></script>
<script language="javascript" src="./js/sh-3.0.83/shBrushJava.js"></script>
<script language="javascript" src="./js/sh-3.0.83/shBrushJScript.js"></script>
<script language="javascript" src="./js/sh-3.0.83/shBrushPlain.js"></script>
<script language="javascript" src="./js/sh-3.0.83/shBrushPython.js"></script>
<script language="javascript" src="./js/sh-3.0.83/shBrushRuby.js"></script>
<script language="javascript" src="./js/sh-3.0.83/shBrushScala.js"></script>
<script language="javascript" src="./js/sh-3.0.83/shBrushXml.js"></script>
<script language="javascript" src="./js/shBrushBdd.js"></script>
<script type="text/javascript">
    SyntaxHighlighter.defaults['gutter'] = false;
    SyntaxHighlighter.defaults['toolbar'] = false;    
    SyntaxHighlighter.all();
</script>
</html>
